0 info it worked if it ends with ok
1 verbose cli [ 'node',
1 verbose cli   '/usr/local/bin/npm',
1 verbose cli   'owner',
1 verbose cli   'add',
1 verbose cli   'cheunghy',
1 verbose cli   'query-parser' ]
2 info using npm@2.1.17
3 info using node@v0.10.26
4 verbose owner add cheunghy to query-parser
5 silly mapToRegistry name -/user/org.couchdb.user:cheunghy
6 silly mapToRegistry using default registry
7 silly mapToRegistry registry https://registry.npmjs.org/
8 silly mapToRegistry uri https://registry.npmjs.org/-/user/org.couchdb.user:cheunghy
9 verbose request uri https://registry.npmjs.org/-/user/org.couchdb.user:cheunghy
10 verbose request new user, so can't send auth
11 info attempt registry request try #1 at 20:40:57
12 verbose request id 084717850f16c11b
13 http request GET https://registry.npmjs.org/-/user/org.couchdb.user:cheunghy
14 http 200 https://registry.npmjs.org/-/user/org.couchdb.user:cheunghy
15 silly get cb [ 200,
15 silly get   { 'content-type': 'application/json',
15 silly get     'cache-control': 'max-age=60',
15 silly get     'content-length': '83',
15 silly get     'accept-ranges': 'bytes',
15 silly get     date: 'Fri, 07 Aug 2015 12:41:00 GMT',
15 silly get     via: '1.1 varnish',
15 silly get     connection: 'keep-alive',
15 silly get     'x-served-by': 'cache-nrt6123-NRT',
15 silly get     'x-cache': 'MISS',
15 silly get     'x-cache-hits': '0',
15 silly get     'x-timer': 'S1438951259.302742,VS0,VE1029' } ]
16 silly mapToRegistry name query-parser
17 silly mapToRegistry using default registry
18 silly mapToRegistry registry https://registry.npmjs.org/
19 silly mapToRegistry uri https://registry.npmjs.org/query-parser
20 verbose request uri https://registry.npmjs.org/query-parser
21 verbose request no auth needed
22 info attempt registry request try #1 at 20:41:01
23 http request GET https://registry.npmjs.org/query-parser
24 http 200 https://registry.npmjs.org/query-parser
25 silly get cb [ 200,
25 silly get   { server: 'CouchDB/1.5.0 (Erlang OTP/R16B03)',
25 silly get     etag: '"65IAN0F1HSEM6R95RJPRXJECG"',
25 silly get     'content-type': 'application/json',
25 silly get     'cache-control': 'max-age=60',
25 silly get     'content-length': '4262',
25 silly get     'accept-ranges': 'bytes',
25 silly get     date: 'Fri, 07 Aug 2015 12:41:04 GMT',
25 silly get     via: '1.1 varnish',
25 silly get     age: '0',
25 silly get     connection: 'keep-alive',
25 silly get     'x-served-by': 'cache-nrt6132-NRT',
25 silly get     'x-cache': 'MISS',
25 silly get     'x-cache-hits': '0',
25 silly get     'x-timer': 'S1438951264.063952,VS0,VE750',
25 silly get     vary: 'Accept' } ]
26 silly mapToRegistry name query-parser/-rev/3-9c853eb03c405adaea4306266458be9f
27 silly mapToRegistry using default registry
28 silly mapToRegistry registry https://registry.npmjs.org/
29 silly mapToRegistry uri https://registry.npmjs.org/query-parser/-rev/3-9c853eb03c405adaea4306266458be9f
30 verbose request uri https://registry.npmjs.org/query-parser/-rev/3-9c853eb03c405adaea4306266458be9f
31 verbose request sending authorization for write operation
32 info attempt registry request try #1 at 20:41:05
33 http request PUT https://registry.npmjs.org/query-parser/-rev/3-9c853eb03c405adaea4306266458be9f
34 http 403 https://registry.npmjs.org/query-parser/-rev/3-9c853eb03c405adaea4306266458be9f
35 verbose headers { 'content-type': 'application/json',
35 verbose headers   'cache-control': 'max-age=60',
35 verbose headers   'content-length': '104',
35 verbose headers   'accept-ranges': 'bytes',
35 verbose headers   date: 'Fri, 07 Aug 2015 12:41:11 GMT',
35 verbose headers   via: '1.1 varnish',
35 verbose headers   connection: 'keep-alive',
35 verbose headers   'x-served-by': 'cache-nrt6121-NRT',
35 verbose headers   'x-cache': 'MISS',
35 verbose headers   'x-cache-hits': '0',
35 verbose headers   'x-timer': 'S1438951270.403346,VS0,VE1443' }
36 verbose request invalidating /Users/1/.npm/registry.npmjs.org/query-parser on PUT
37 error owner mutate Failed to update package metadata
38 verbose stack Error: You do not have permission to publish 'query-parser'. Are you logged in as the correct user? : query-parser,-rev,3-9c853eb03c405adaea4306266458be9f
38 verbose stack     at CachingRegistryClient.<anonymous> (/usr/local/lib/node_modules/npm/node_modules/npm-registry-client/lib/request.js:244:14)
38 verbose stack     at Request._callback (/usr/local/lib/node_modules/npm/node_modules/npm-registry-client/lib/request.js:172:14)
38 verbose stack     at Request.self.callback (/usr/local/lib/node_modules/npm/node_modules/request/request.js:373:22)
38 verbose stack     at Request.EventEmitter.emit (events.js:98:17)
38 verbose stack     at Request.<anonymous> (/usr/local/lib/node_modules/npm/node_modules/request/request.js:1318:14)
38 verbose stack     at Request.EventEmitter.emit (events.js:117:20)
38 verbose stack     at IncomingMessage.<anonymous> (/usr/local/lib/node_modules/npm/node_modules/request/request.js:1266:12)
38 verbose stack     at IncomingMessage.EventEmitter.emit (events.js:117:20)
38 verbose stack     at _stream_readable.js:920:16
38 verbose stack     at process._tickCallback (node.js:415:13)
39 verbose statusCode 403
40 verbose pkgid query-parser
41 verbose cwd /Users/1/Developer/query-parser
42 error Darwin 14.4.0
43 error argv "node" "/usr/local/bin/npm" "owner" "add" "cheunghy" "query-parser"
44 error node v0.10.26
45 error npm  v2.1.17
46 error code E403
47 error You do not have permission to publish 'query-parser'. Are you logged in as the correct user? : query-parser,-rev,3-9c853eb03c405adaea4306266458be9f
48 error If you need help, you may report this error at:
48 error     <http://github.com/npm/npm/issues>
49 verbose exit [ 1, true ]
